Build started 22/09/2012 3:44:15 PM.
     1>Project "C:\Hands\src\game\client\client_episodic-2005.vcxproj" on node 3 (build target(s)).
     1>InitializeBuildStatus:
         Touching ".\Debug_episodic\Client.unsuccessfulbuild".
       ClCompile:
         All outputs are up-to-date.
         c:\Program Files (x86)\Microsoft Visual Studio 10.0\VC\bin\CL.exe /c /I.\hl2 /I.\hl2\elements /I..\..\game\shared\hl2 /I..\..\game\shared\episodic /I..\..\public /I.\ /I..\..\common /I..\..\public /I..\..\public\tier0 /I..\..\public\tier1 /I..\..\vgui2\include /I..\..\vgui2\controls /I..\..\game\shared /I.\game_controls /ZI /nologo /W4 /WX- /Od /Oy- /D WIN32 /D _WIN32 /D _DEBUG /D DEBUG /D _WINDOWS /D _USRDLL /D _CRT_SECURE_NO_DEPRECATE /D _CRT_NONSTDC_NO_DEPRECATE /D NO_STRING_T /D CLIENT_DLL /D VECTOR /D VERSION_SAFE_STEAM_API_INTERFACES /D PROTECTED_THINGS_ENABLE /D fopen=dont_use_fopen /D strncpy=use_Q_strncpy_instead /D _snprintf=use_Q_snprintf_instead /D ENABLE_HTMLWINDOW /D HL2_CLIENT_DLL /D HL2_EPISODIC /D SP_SDK /D _WINDLL /D _MBCS /GF /Gm /RTC1 /MTd /GS- /fp:fast /Zc:wchar_t /Zc:forScope /GR /Yu"cbase.h" /Fp".\Debug_episodic\client.pch" /Fo".\Debug_episodic\\" /Fd".\Debug_episodic\vc100.pdb" /Gd /TP /analyze- /errorReport:prompt ..\shared\Sprite.cpp ..\shared\SpriteTrail.cpp beamdraw.cpp c_sprite.cpp cdll_client_int.cpp entity_client_tools.cpp hl2\c_vehicle_airboat.cpp spritemodel.cpp
         spritemodel.cpp
         c_vehicle_airboat.cpp
         entity_client_tools.cpp
         cdll_client_int.cpp
         c_sprite.cpp
         beamdraw.cpp
         SpriteTrail.cpp
         Sprite.cpp
         Generating Code...
         All outputs are up-to-date.
       Link:
         c:\Program Files (x86)\Microsoft Visual Studio 10.0\VC\bin\link.exe /ERRORREPORT:PROMPT /OUT:".\Debug_episodic\Client.dll" /INCREMENTAL /NOLOGO /LIBPATH:..\..\lib\common /LIBPATH:..\..\lib\public winmm.lib kernel32.lib user32.lib gdi32.lib winspool.lib comdlg32.lib advapi32.lib shell32.lib ole32.lib oleaut32.lib uuid.lib odbc32.lib odbccp32.lib /NODEFAULTLIB:libc /NODEFAULTLIB:libcd /NODEFAULTLIB:libcmtd /MANIFEST:NO /DEBUG /PDB:".\Debug_episodic\Client.pdb" /MAP:".\Debug_episodic\Client.map" /SUBSYSTEM:WINDOWS /TLBID:1 /DYNAMICBASE /NXCOMPAT /MACHINE:X86 /DLL .\Debug_episodic\achievement_notification_panel.obj
         .\Debug_episodic\achievement_saverestore.obj
         .\Debug_episodic\achievementmgr.obj
         .\Debug_episodic\achievements_hlx.obj
         .\Debug_episodic\activitylist.obj
         .\Debug_episodic\alphamaterialproxy.obj
         .\Debug_episodic\ammodef.obj
         .\Debug_episodic\animatedentitytextureproxy.obj
         .\Debug_episodic\animatedoffsettextureproxy.obj
         .\Debug_episodic\animatedtextureproxy.obj
         .\Debug_episodic\AnimateSpecificTextureProxy.obj
         .\Debug_episodic\animation.obj
         .\Debug_episodic\base_playeranimstate.obj
         .\Debug_episodic\baseachievement.obj
         .\Debug_episodic\baseanimatedtextureproxy.obj
         .\Debug_episodic\baseclientrendertargets.obj
         .\Debug_episodic\basecombatcharacter_shared.obj
         .\Debug_episodic\basecombatweapon_shared.obj
         .\Debug_episodic\baseentity_shared.obj
         .\Debug_episodic\basegrenade_shared.obj
         .\Debug_episodic\baseparticleentity.obj
         .\Debug_episodic\baseplayer_shared.obj
         .\Debug_episodic\basepresence.obj
         .\Debug_episodic\baseviewmodel_shared.obj
         .\Debug_episodic\beam_shared.obj
         .\Debug_episodic\beamdraw.obj
         .\Debug_episodic\bone_accessor.obj
         .\Debug_episodic\bone_merge_cache.obj
         .\Debug_episodic\bone_setup.obj
         .\Debug_episodic\c_ai_basehumanoid.obj
         .\Debug_episodic\c_ai_basenpc.obj
         .\Debug_episodic\c_baseanimating.obj
         .\Debug_episodic\c_baseanimatingoverlay.obj
         .\Debug_episodic\c_basecombatcharacter.obj
         .\Debug_episodic\c_basecombatweapon.obj
         .\Debug_episodic\c_basedoor.obj
         .\Debug_episodic\c_baseentity.obj
         .\Debug_episodic\c_baseflex.obj
         .\Debug_episodic\c_baseplayer.obj
         .\Debug_episodic\c_baseviewmodel.obj
         .\Debug_episodic\c_breakableprop.obj
         .\Debug_episodic\c_colorcorrection.obj
         .\Debug_episodic\c_colorcorrectionvolume.obj
         .\Debug_episodic\c_dynamiclight.obj
         .\Debug_episodic\c_entitydissolve.obj
         .\Debug_episodic\c_entityparticletrail.obj
         .\Debug_episodic\c_env_fog_controller.obj
         .\Debug_episodic\c_env_particlescript.obj
         .\Debug_episodic\c_env_projectedtexture.obj
         .\Debug_episodic\c_env_screenoverlay.obj
         .\Debug_episodic\c_env_tonemap_controller.obj
         .\Debug_episodic\c_fire_smoke.obj
         .\Debug_episodic\c_fish.obj
         .\Debug_episodic\c_func_areaportalwindow.obj
         .\Debug_episodic\c_func_breakablesurf.obj
         .\Debug_episodic\c_func_conveyor.obj
         .\Debug_episodic\c_func_dust.obj
         .\Debug_episodic\c_func_lod.obj
         .\Debug_episodic\C_Func_Monitor.obj
         .\Debug_episodic\c_func_occluder.obj
         .\Debug_episodic\c_func_reflective_glass.obj
         .\Debug_episodic\c_func_rotating.obj
         .\Debug_episodic\c_func_smokevolume.obj
         .\Debug_episodic\c_func_tracktrain.obj
         .\Debug_episodic\c_gib.obj
         .\Debug_episodic\c_hairball.obj
         .\Debug_episodic\c_info_overlay_accessor.obj
         .\Debug_episodic\c_lightglow.obj
         .\Debug_episodic\C_MaterialModifyControl.obj
         .\Debug_episodic\c_particle_system.obj
         .\Debug_episodic\c_physbox.obj
         .\Debug_episodic\c_physicsprop.obj
         .\Debug_episodic\c_physmagnet.obj
         .\Debug_episodic\c_pixel_visibility.obj
         .\Debug_episodic\c_plasma.obj
         .\Debug_episodic\c_playerresource.obj
         .\Debug_episodic\c_point_camera.obj
         .\Debug_episodic\c_point_commentary_node.obj
         .\Debug_episodic\c_props.obj
         .\Debug_episodic\c_ragdoll_manager.obj
         .\Debug_episodic\c_rope.obj
         .\Debug_episodic\c_rumble.obj
         .\Debug_episodic\c_sceneentity.obj
         .\Debug_episodic\c_shadowcontrol.obj
         .\Debug_episodic\c_slideshow_display.obj
         .\Debug_episodic\c_soundscape.obj
         .\Debug_episodic\c_spotlight_end.obj
         .\Debug_episodic\c_sprite.obj
         .\Debug_episodic\c_sprite_perfmonitor.obj
         .\Debug_episodic\c_sun.obj
         .\Debug_episodic\c_team.obj
         .\Debug_episodic\c_team_objectiveresource.obj
         .\Debug_episodic\c_tesla.obj
         .\Debug_episodic\c_test_proxytoggle.obj
         .\Debug_episodic\c_user_message_register.obj
         .\Debug_episodic\c_vehicle_choreo_generic.obj
         .\Debug_episodic\c_vehicle_jeep.obj
         .\Debug_episodic\c_vguiscreen.obj
         .\Debug_episodic\c_waterbullet.obj
         .\Debug_episodic\C_WaterLODControl.obj
         .\Debug_episodic\c_world.obj
         .\Debug_episodic\camomaterialproxy.obj
         .\Debug_episodic\cdll_bounded_cvars.obj
         .\Debug_episodic\cdll_client_int.obj
         .\Debug_episodic\cdll_util.obj
         .\Debug_episodic\cl_mat_stub.obj
         .\Debug_episodic\classmap.obj
         .\Debug_episodic\client_class.obj
         .\Debug_episodic\client_factorylist.obj
         .\Debug_episodic\client_thinklist.obj
         .\Debug_episodic\clienteffectprecachesystem.obj
         .\Debug_episodic\cliententitylist.obj
         .\Debug_episodic\clientleafsystem.obj
         .\Debug_episodic\clientmode_shared.obj
         .\Debug_episodic\clientshadowmgr.obj
         .\Debug_episodic\clientsideeffects.obj
         .\Debug_episodic\clientsideeffects_test.obj
         .\Debug_episodic\collisionproperty.obj
         .\Debug_episodic\collisionutils.obj
         .\Debug_episodic\colorcorrectionmgr.obj
         .\Debug_episodic\commentary_modelviewer.obj
         .\Debug_episodic\compiledcaptionswap.obj
         .\Debug_episodic\crtmemdebug.obj
         .\Debug_episodic\death_pose.obj
         .\Debug_episodic\debugoverlay_shared.obj
         .\Debug_episodic\decals.obj
         .\Debug_episodic\detailobjectsystem.obj
         .\Debug_episodic\dt_recv.obj
         .\Debug_episodic\dt_utlvector_common.obj
         .\Debug_episodic\dt_utlvector_recv.obj
         .\Debug_episodic\dummyproxy.obj
         .\Debug_episodic\effect_dispatch_data.obj
         .\Debug_episodic\EffectsClient.obj
         .\Debug_episodic\ehandle.obj
         .\Debug_episodic\entitylist_base.obj
         .\Debug_episodic\entityoriginmaterialproxy.obj
         .\Debug_episodic\EntityParticleTrail_Shared.obj
         .\Debug_episodic\env_detail_controller.obj
         .\Debug_episodic\env_wind_shared.obj
         .\Debug_episodic\eventlist.obj
         .\Debug_episodic\filesystem_helpers.obj
         .\Debug_episodic\flashlighteffect.obj
         .\Debug_episodic\func_ladder.obj
         .\Debug_episodic\functionproxy.obj
         .\Debug_episodic\fx_blood.obj
         .\Debug_episodic\fx_cube.obj
         .\Debug_episodic\fx_explosion.obj
         .\Debug_episodic\fx_fleck.obj
         .\Debug_episodic\fx_impact.obj
         .\Debug_episodic\fx_interpvalue.obj
         .\Debug_episodic\fx_quad.obj
         .\Debug_episodic\fx_shelleject.obj
         .\Debug_episodic\fx_staticline.obj
         .\Debug_episodic\fx_tracer.obj
         .\Debug_episodic\fx_trail.obj
         .\Debug_episodic\fx_water.obj
         .\Debug_episodic\gamemovement.obj
         .\Debug_episodic\gamerules.obj
         .\Debug_episodic\gamerules_register.obj
         .\Debug_episodic\GameStats.obj
         .\Debug_episodic\gamestringpool.obj
         .\Debug_episodic\gametrace_client.obj
         .\Debug_episodic\gamevars_shared.obj
         .\Debug_episodic\geiger.obj
         .\Debug_episodic\glow_overlay.obj
         .\Debug_episodic\hintmessage.obj
         .\Debug_episodic\hintsystem.obj
         .\Debug_episodic\history_resource.obj
         .\Debug_episodic\hltvcamera.obj
         .\Debug_episodic\hud.obj
         .\Debug_episodic\hud_animationinfo.obj
         .\Debug_episodic\hud_autoaim.obj
         .\Debug_episodic\hud_basechat.obj
         .\Debug_episodic\hud_basetimer.obj
         .\Debug_episodic\hud_bitmapnumericdisplay.obj
         .\Debug_episodic\hud_chat.obj
         .\Debug_episodic\hud_closecaption.obj
         .\Debug_episodic\hud_crosshair.obj
         .\Debug_episodic\hud_element_helper.obj
         .\Debug_episodic\hud_filmdemo.obj
         .\Debug_episodic\hud_hdrdemo.obj
         .\Debug_episodic\hud_hintdisplay.obj
         .\Debug_episodic\hud_lcd.obj
         .\Debug_episodic\hud_msg.obj
         .\Debug_episodic\hud_numericdisplay.obj
         .\Debug_episodic\hud_pdump.obj
         .\Debug_episodic\hud_redraw.obj
         .\Debug_episodic\hud_vehicle.obj
         .\Debug_episodic\hud_weapon.obj
         .\Debug_episodic\igamesystem.obj
         .\Debug_episodic\in_camera.obj
         .\Debug_episodic\in_joystick.obj
         .\Debug_episodic\in_main.obj
         .\Debug_episodic\in_mouse.obj
         .\Debug_episodic\initializer.obj
         .\Debug_episodic\interpolatedvar.obj
         .\Debug_episodic\interpolatortypes.obj
         .\Debug_episodic\interval.obj
         .\Debug_episodic\IsNPCProxy.obj
         .\Debug_episodic\jigglebones.obj
         .\Debug_episodic\lampbeamproxy.obj
         .\Debug_episodic\lamphaloproxy.obj
         .\Debug_episodic\mapentities_shared.obj
         .\Debug_episodic\mathproxy.obj
         .\Debug_episodic\matrixproxy.obj
         .\Debug_episodic\memoverride.obj
         .\Debug_episodic\menu.obj
         .\Debug_episodic\message.obj
         .\Debug_episodic\movehelper_client.obj
         .\Debug_episodic\movevars_shared.obj
         .\Debug_episodic\mp_shareddefs.obj
         .\Debug_episodic\multiplay_gamerules.obj
         .\Debug_episodic\networkvar.obj
         .\Debug_episodic\obstacle_pushaway.obj
         .\Debug_episodic\panelmetaclassmgr.obj
         .\Debug_episodic\particle_collision.obj
         .\Debug_episodic\particle_litsmokeemitter.obj
         .\Debug_episodic\particle_parse.obj
         .\Debug_episodic\particle_property.obj
         .\Debug_episodic\particle_proxies.obj
         .\Debug_episodic\particle_simple3d.obj
         .\Debug_episodic\particlemgr.obj
         .\Debug_episodic\particles_attractor.obj
         .\Debug_episodic\particles_ez.obj
         .\Debug_episodic\particles_localspace.obj
         .\Debug_episodic\particles_new.obj
         .\Debug_episodic\particles_simple.obj
         .\Debug_episodic\particlesystemquery.obj
         .\Debug_episodic\perfvisualbenchmark.obj
         .\Debug_episodic\physics.obj
         .\Debug_episodic\physics_main_client.obj
         .\Debug_episodic\physics_main_shared.obj
         .\Debug_episodic\physics_saverestore.obj
         .\Debug_episodic\physics_shared.obj
         .\Debug_episodic\physpropclientside.obj
         .\Debug_episodic\playerandobjectenumerator.obj
         .\Debug_episodic\point_bonusmaps_accessor.obj
         .\Debug_episodic\point_posecontroller.obj
         .\Debug_episodic\posedebugger.obj
         .\Debug_episodic\precache_register.obj
         .\Debug_episodic\predictableid.obj
         .\Debug_episodic\prediction.obj
         .\Debug_episodic\predictioncopy.obj
         .\Debug_episodic\props_shared.obj
         .\Debug_episodic\proxyentity.obj
         .\Debug_episodic\ProxyHealth.obj
         .\Debug_episodic\proxyplayer.obj
         .\Debug_episodic\proxypupil.obj
         .\Debug_episodic\ragdoll.obj
         .\Debug_episodic\ragdoll_shared.obj
         .\Debug_episodic\randoverride.obj
         .\Debug_episodic\recvproxy.obj
         .\Debug_episodic\rendertexture.obj
         .\Debug_episodic\rope_helpers.obj
         .\Debug_episodic\rope_physics.obj
         .\Debug_episodic\saverestore.obj
         .\Debug_episodic\sceneentity_shared.obj
         .\Debug_episodic\scratchpad3d.obj
         .\Debug_episodic\ScratchPadUtils.obj
         .\Debug_episodic\ScreenSpaceEffects.obj
         .\Debug_episodic\sentence.obj
         .\Debug_episodic\sequence_Transitioner.obj
         .\Debug_episodic\sheetsimulator.obj
         .\Debug_episodic\simple_keys.obj
         .\Debug_episodic\simple_physics.obj
         .\Debug_episodic\simtimer.obj
         .\Debug_episodic\singleplay_gamerules.obj
         .\Debug_episodic\SoundEmitterSystem.obj
         .\Debug_episodic\soundenvelope.obj
         .\Debug_episodic\SoundParametersInternal.obj
         .\Debug_episodic\splinepatch.obj
         .\Debug_episodic\Sprite.obj
         .\Debug_episodic\spritemodel.obj
         .\Debug_episodic\SpriteTrail.obj
         .\Debug_episodic\stringregistry.obj
         .\Debug_episodic\studio.obj
         .\Debug_episodic\studio_shared.obj
         .\Debug_episodic\takedamageinfo.obj
         .\Debug_episodic\teamplay_gamerules.obj
         .\Debug_episodic\teamplayroundbased_gamerules.obj
         .\Debug_episodic\test_ehandle.obj
         .\Debug_episodic\text_message.obj
         .\Debug_episodic\texturescrollmaterialproxy.obj
         .\Debug_episodic\timematerialproxy.obj
         .\Debug_episodic\toggletextureproxy.obj
         .\Debug_episodic\train.obj
         .\Debug_episodic\usercmd.obj
         .\Debug_episodic\usermessages.obj
         .\Debug_episodic\util_shared.obj
         .\Debug_episodic\vallocator.obj
         .\Debug_episodic\vehicle_viewblend_shared.obj
         .\Debug_episodic\vgui_avatarimage.obj
         .\Debug_episodic\vgui_basepanel.obj
         .\Debug_episodic\vgui_bitmapbutton.obj
         .\Debug_episodic\vgui_bitmapimage.obj
         .\Debug_episodic\vgui_bitmappanel.obj
         .\Debug_episodic\vgui_centerstringpanel.obj
         .\Debug_episodic\vgui_consolepanel.obj
         .\Debug_episodic\vgui_controls.obj
         .\Debug_episodic\vgui_debugoverlaypanel.obj
         .\Debug_episodic\vgui_fpspanel.obj
         .\Debug_episodic\vgui_game_viewport.obj
         .\Debug_episodic\vgui_grid.obj
         .\Debug_episodic\vgui_int.obj
         .\Debug_episodic\vgui_loadingdiscpanel.obj
         .\Debug_episodic\vgui_messagechars.obj
         .\Debug_episodic\vgui_netgraphpanel.obj
         .\Debug_episodic\vgui_slideshow_display_screen.obj
         .\Debug_episodic\view.obj
         .\Debug_episodic\view_beams.obj
         .\Debug_episodic\view_effects.obj
         .\Debug_episodic\view_scene.obj
         .\Debug_episodic\viewangleanim.obj
         .\Debug_episodic\ViewConeImage.obj
         .\Debug_episodic\viewdebug.obj
         .\Debug_episodic\viewpostprocess.obj
         .\Debug_episodic\viewrender.obj
         .\Debug_episodic\voice_banmgr.obj
         .\Debug_episodic\voice_status.obj
         .\Debug_episodic\warp_overlay.obj
         .\Debug_episodic\WaterLODMaterialProxy.obj
         .\Debug_episodic\weapon_parse.obj
         .\Debug_episodic\weapon_parse_default.obj
         .\Debug_episodic\weapon_selection.obj
         .\Debug_episodic\weapons_resource.obj
         .\Debug_episodic\WorldDimsProxy.obj
         .\Debug_episodic\stdafx.obj
         .\Debug_episodic\c_basetempentity.obj
         .\Debug_episodic\c_effects.obj
         .\Debug_episodic\c_impact_effects.obj
         .\Debug_episodic\c_movie_explosion.obj
         .\Debug_episodic\c_particle_fire.obj
         .\Debug_episodic\c_particle_smokegrenade.obj
         .\Debug_episodic\c_prop_vehicle.obj
         .\Debug_episodic\c_recipientfilter.obj
         .\Debug_episodic\c_smoke_trail.obj
         .\Debug_episodic\c_smokestack.obj
         .\Debug_episodic\c_steamjet.obj
         .\Debug_episodic\c_stickybolt.obj
         .\Debug_episodic\c_te.obj
         .\Debug_episodic\c_te_armorricochet.obj
         .\Debug_episodic\c_te_basebeam.obj
         .\Debug_episodic\c_te_beamentpoint.obj
         .\Debug_episodic\c_te_beaments.obj
         .\Debug_episodic\c_te_beamfollow.obj
         .\Debug_episodic\c_te_beamlaser.obj
         .\Debug_episodic\c_te_beampoints.obj
         .\Debug_episodic\c_te_beamring.obj
         .\Debug_episodic\c_te_beamringpoint.obj
         .\Debug_episodic\c_te_beamspline.obj
         .\Debug_episodic\c_te_bloodsprite.obj
         .\Debug_episodic\c_te_bloodstream.obj
         .\Debug_episodic\c_te_breakmodel.obj
         .\Debug_episodic\c_te_bspdecal.obj
         .\Debug_episodic\c_te_bubbles.obj
         .\Debug_episodic\c_te_bubbletrail.obj
         .\Debug_episodic\c_te_clientprojectile.obj
         .\Debug_episodic\c_te_decal.obj
         .\Debug_episodic\c_te_dynamiclight.obj
         .\Debug_episodic\c_te_effect_dispatch.obj
         .\Debug_episodic\c_te_energysplash.obj
         .\Debug_episodic\c_te_explosion.obj
         .\Debug_episodic\c_te_fizz.obj
         .\Debug_episodic\c_te_footprint.obj
         .\Debug_episodic\c_te_glassshatter.obj
         .\Debug_episodic\c_te_glowsprite.obj
         .\Debug_episodic\c_te_impact.obj
         .\Debug_episodic\c_te_killplayerattachments.obj
         .\Debug_episodic\c_te_largefunnel.obj
         .\Debug_episodic\c_te_legacytempents.obj
         .\Debug_episodic\c_te_muzzleflash.obj
         .\Debug_episodic\c_te_particlesystem.obj
         .\Debug_episodic\c_te_physicsprop.obj
         .\Debug_episodic\c_te_playerdecal.obj
         .\Debug_episodic\c_te_projecteddecal.obj
         .\Debug_episodic\c_te_showline.obj
         .\Debug_episodic\c_te_smoke.obj
         .\Debug_episodic\c_te_sparks.obj
         .\Debug_episodic\c_te_sprite.obj
         .\Debug_episodic\c_te_spritespray.obj
         .\Debug_episodic\c_te_worlddecal.obj
         .\Debug_episodic\c_testtraceline.obj
         .\Debug_episodic\c_tracer.obj
         .\Debug_episodic\fx.obj
         .\Debug_episodic\fx_discreetline.obj
         .\Debug_episodic\fx_envelope.obj
         .\Debug_episodic\fx_line.obj
         .\Debug_episodic\fx_sparks.obj
         .\Debug_episodic\particlesphererenderer.obj
         .\Debug_episodic\smoke_fog_overlay.obj
         .\Debug_episodic\basemodel_panel.obj
         .\Debug_episodic\basemodelpanel.obj
         .\Debug_episodic\baseviewport.obj
         .\Debug_episodic\ClientScoreBoardDialog.obj
         .\Debug_episodic\commandmenu.obj
         .\Debug_episodic\IconPanel.obj
         .\Debug_episodic\intromenu.obj
         .\Debug_episodic\MapOverview.obj
         .\Debug_episodic\NavProgress.obj
         .\Debug_episodic\SpectatorGUI.obj
         .\Debug_episodic\teammenu.obj
         .\Debug_episodic\vguitextwindow.obj
         .\Debug_episodic\basehlcombatweapon_shared.obj
         .\Debug_episodic\c_antlion_dust.obj
         .\Debug_episodic\c_ar2_explosion.obj
         .\Debug_episodic\c_barnacle.obj
         .\Debug_episodic\c_barney.obj
         .\Debug_episodic\c_basehelicopter.obj
         .\Debug_episodic\c_basehlcombatweapon.obj
         .\Debug_episodic\c_basehlplayer.obj
         .\Debug_episodic\c_citadel_effects.obj
         .\Debug_episodic\c_corpse.obj
         .\Debug_episodic\c_env_alyxtemp.obj
         .\Debug_episodic\c_env_headcrabcanister.obj
         .\Debug_episodic\c_env_starfield.obj
         .\Debug_episodic\c_func_tankmortar.obj
         .\Debug_episodic\c_hl2_playerlocaldata.obj
         .\Debug_episodic\c_info_teleporter_countdown.obj
         .\Debug_episodic\c_npc_advisor.obj
         .\Debug_episodic\c_npc_antlionguard.obj
         .\Debug_episodic\c_npc_combinegunship.obj
         .\Debug_episodic\c_npc_manhack.obj
         .\Debug_episodic\c_npc_puppet.obj
         .\Debug_episodic\c_npc_rollermine.obj
         .\Debug_episodic\c_plasma_beam_node.obj
         .\Debug_episodic\c_prop_combine_ball.obj
         .\Debug_episodic\c_prop_scalable.obj
         .\Debug_episodic\c_rotorwash.obj
         .\Debug_episodic\c_script_intro.obj
         .\Debug_episodic\c_strider.obj
         .\Debug_episodic\c_te_concussiveexplosion.obj
         .\Debug_episodic\c_te_flare.obj
         .\Debug_episodic\c_thumper_dust.obj
         .\Debug_episodic\c_vehicle_airboat.obj
         .\Debug_episodic\c_vehicle_cannon.obj
         .\Debug_episodic\c_vehicle_crane.obj
         .\Debug_episodic\c_vehicle_jeep_episodic.obj
         .\Debug_episodic\c_vehicle_prisoner_pod.obj
         .\Debug_episodic\c_vort_charge_token.obj
         .\Debug_episodic\c_weapon__stubs_hl2.obj
         .\Debug_episodic\c_weapon_crossbow.obj
         .\Debug_episodic\c_weapon_hopwire.obj
         .\Debug_episodic\c_weapon_physcannon.obj
         .\Debug_episodic\c_weapon_stunstick.obj
         .\Debug_episodic\clientmode_hlnormal.obj
         .\Debug_episodic\death.obj
         .\Debug_episodic\env_headcrabcanister_shared.obj
         .\Debug_episodic\episodic_screenspaceeffects.obj
         .\Debug_episodic\flesh_internal_material_proxy.obj
         .\Debug_episodic\fx_antlion.obj
         .\Debug_episodic\fx_bugbait.obj
         .\Debug_episodic\fx_hl2_impacts.obj
         .\Debug_episodic\fx_hl2_tracers.obj
         .\Debug_episodic\hl2_clientmode.obj
         .\Debug_episodic\hl2_gamerules.obj
         .\Debug_episodic\hl2_usermessages.obj
         .\Debug_episodic\hl_gamemovement.obj
         .\Debug_episodic\hl_in_main.obj
         .\Debug_episodic\hl_prediction.obj
         .\Debug_episodic\hud_ammo.obj
         .\Debug_episodic\hud_battery.obj
         .\Debug_episodic\hud_blood.obj
         .\Debug_episodic\hud_credits.obj
         .\Debug_episodic\hud_damageindicator.obj
         .\Debug_episodic\hud_flashlight.obj
         .\Debug_episodic\hud_health.obj
         .\Debug_episodic\hud_locator.obj
         .\Debug_episodic\hud_poisondamageindicator.obj
         .\Debug_episodic\hud_posture.obj
         .\Debug_episodic\hud_quickinfo.obj
         .\Debug_episodic\hud_radar.obj
         .\Debug_episodic\hud_squadstatus.obj
         .\Debug_episodic\hud_suitpower.obj
         .\Debug_episodic\hud_weaponselection.obj
         .\Debug_episodic\hud_zoom.obj
         .\Debug_episodic\script_intro_shared.obj
         .\Debug_episodic\shieldproxy.obj
         .\Debug_episodic\survival_gamerules.obj
         .\Debug_episodic\vgui_rootpanel_hl2.obj
         .\Debug_episodic\mp3player.obj
         .\Debug_episodic\bonelist.obj
         .\Debug_episodic\entity_client_tools.obj
         .\Debug_episodic\toolframework_client.obj
         ..\..\lib\public\bitmap.lib
         ..\..\lib\public\choreoobjects.lib
         ..\..\lib\public\dmxloader.lib
         ..\..\lib\public\mathlib.lib
         ..\..\lib\public\matsys_controls.lib
         ..\..\lib\public\Particles.lib
         ..\..\lib\public\steam_api.lib
         ..\..\lib\public\tier0.lib
         ..\..\lib\public\tier1.lib
         ..\..\lib\public\tier2.lib
         ..\..\lib\public\tier3.lib
         ..\..\lib\public\vgui_controls.lib
         ..\..\lib\public\vstdlib.lib /FORCE:MULTIPLE 
     1>LINK : warning LNK4075: ignoring '/INCREMENTAL' due to '/FORCE' specification
            Creating library .\Debug_episodic\Client.lib and object .\Debug_episodic\Client.exp
         client_episodic-2005.vcxproj -> C:\Hands\src\game\client\.\Debug_episodic\Client.dll
       CustomBuildStep:
         Description: Copying to c:\program files (x86)\steam\steamapps\SourceMods\hands\bin\
         if exist "c:\program files (x86)\steam\steamapps\SourceMods\hands\bin\client.dll" attrib -r "c:\program files (x86)\steam\steamapps\SourceMods\hands\bin\client.dll"
         copy "C:\Hands\src\game\client\Debug_episodic\"client.dll "c:\program files (x86)\steam\steamapps\SourceMods\hands\bin"
         
         :VCEnd
                 1 file(s) copied.
       FinalizeBuildStatus:
         Deleting file ".\Debug_episodic\Client.unsuccessfulbuild".
         Touching ".\Debug_episodic\Client.lastbuildstate".
     1>Done Building Project "C:\Hands\src\game\client\client_episodic-2005.vcxproj" (build target(s)).

Build succeeded.

Time Elapsed 00:00:14.21
